<?xml version="1.0" encoding="UTF-8"?>
<!-- Generated by org.testng.reporters.JUnitXMLReporter -->
<testsuite ignored="0" hostname="DESKTOP-N1670C3" failures="0" tests="15" name="Test" time="0.579" errors="0" timestamp="2023-03-01T07:36:48 IST">
  <testcase classname="TestNG.Grouping" name="BlackBall" time="0.061"/>
  <testcase classname="TestNG.Grouping" name="GreenBall" time="0.009"/>
  <testcase classname="TestNG.Grouping" name="RedBall" time="0.02"/>
  <testcase classname="TestNG.Grouping" name="backBall" time="0.006"/>
  <testcase classname="TestNG.Grouping" name="greenball" time="0.007"/>
  <testcase classname="TestNG.Grouping" name="redBall" time="0.012"/>
  <testcase classname="TestNG.DepenciesManagement" name="FirstClass" time="0.003"/>
  <testcase classname="TestNG.DepenciesManagement" name="SecondClass" time="0.012"/>
  <testcase classname="TestNG.DepenciesManagement" name="ThirdClass" time="0.003"/>
  <testcase classname="TestNG.DepenciesManagement" name="FourthClass" time="0.005"/>
  <testcase classname="TestNG.DepenciesManagement" name="FifthClass" time="0.006"/>
  <testcase classname="TestNG.Demo" name="morning" time="0.011"/>
  <testcase classname="TestNG.Demo" name="afternoon" time="0.003"/>
  <testcase classname="TestNG.Demo" name="night" time="0.024"/>
  <testcase classname="TestNG.Demo" name="evening" time="0.005"/>
</testsuite> <!-- Test -->
